c:\users\fangz\rgbproj\linuxproject1\visualgdb\debug\imagefiledict.o
c:\users\fangz\rgbproj\linuxproject1\visualgdb\debug\imageviewerutilities.o
c:\users\fangz\rgbproj\linuxproject1\visualgdb\debug\linuxproject1.o
c:\users\fangz\rgbproj\linuxproject1\visualgdb\debug\imagefiledict.dep
c:\users\fangz\rgbproj\linuxproject1\visualgdb\debug\imageviewerutilities.dep
c:\users\fangz\rgbproj\linuxproject1\visualgdb\debug\linuxproject1.dep
c:\users\fangz\rgbproj\linuxproject1\visualgdb\debug\linuxproject1.link.rsp
c:\users\fangz\rgbproj\linuxproject1\visualgdb\debug\linuxproject1.alldeps
c:\users\fangz\rgbproj\linuxproject1\visualgdb\debug\linuxproject1
c:\users\fangz\rgbproj\linuxproject1\visualgdb\debug\imagefiledict.gcc.rsp
c:\users\fangz\rgbproj\linuxproject1\visualgdb\debug\imageviewerutilities.gcc.rsp
c:\users\fangz\rgbproj\linuxproject1\visualgdb\debug\linuxproject1.gcc.rsp
c:\users\fangz\rgbproj\linuxproject1\visualgdb\debug\_2_\rbg_matrixweatherstation\liveweather\weatherstation\weatherstation\lib\bdf-font.o
c:\users\fangz\rgbproj\linuxproject1\visualgdb\debug\_2_\rbg_matrixweatherstation\liveweather\weatherstation\weatherstation\lib\content-streamer.o
c:\users\fangz\rgbproj\linuxproject1\visualgdb\debug\_2_\rbg_matrixweatherstation\liveweather\weatherstation\weatherstation\lib\framebuffer.o
c:\users\fangz\rgbproj\linuxproject1\visualgdb\debug\_2_\rbg_matrixweatherstation\liveweather\weatherstation\weatherstation\lib\gpio.o
c:\users\fangz\rgbproj\linuxproject1\visualgdb\debug\_2_\rbg_matrixweatherstation\liveweather\weatherstation\weatherstation\lib\graphics.o
c:\users\fangz\rgbproj\linuxproject1\visualgdb\debug\_2_\rbg_matrixweatherstation\liveweather\weatherstation\weatherstation\lib\hardware-mapping.o
c:\users\fangz\rgbproj\linuxproject1\visualgdb\debug\_2_\rbg_matrixweatherstation\liveweather\weatherstation\weatherstation\lib\led-matrix-c.o
c:\users\fangz\rgbproj\linuxproject1\visualgdb\debug\_2_\rbg_matrixweatherstation\liveweather\weatherstation\weatherstation\lib\led-matrix.o
c:\users\fangz\rgbproj\linuxproject1\visualgdb\debug\_2_\rbg_matrixweatherstation\liveweather\weatherstation\weatherstation\lib\multiplex-mappers.o
c:\users\fangz\rgbproj\linuxproject1\visualgdb\debug\_2_\rbg_matrixweatherstation\liveweather\weatherstation\weatherstation\lib\options-initialize.o
c:\users\fangz\rgbproj\linuxproject1\visualgdb\debug\_2_\rbg_matrixweatherstation\liveweather\weatherstation\weatherstation\lib\pixel-mapper.o
c:\users\fangz\rgbproj\linuxproject1\visualgdb\debug\_2_\rbg_matrixweatherstation\liveweather\weatherstation\weatherstation\lib\thread.o
c:\users\fangz\rgbproj\linuxproject1\visualgdb\debug\_2_\rbg_matrixweatherstation\liveweather\weatherstation\weatherstation\lib\bdf-font.dep
c:\users\fangz\rgbproj\linuxproject1\visualgdb\debug\_2_\rbg_matrixweatherstation\liveweather\weatherstation\weatherstation\lib\content-streamer.dep
c:\users\fangz\rgbproj\linuxproject1\visualgdb\debug\_2_\rbg_matrixweatherstation\liveweather\weatherstation\weatherstation\lib\framebuffer.dep
c:\users\fangz\rgbproj\linuxproject1\visualgdb\debug\_2_\rbg_matrixweatherstation\liveweather\weatherstation\weatherstation\lib\gpio.dep
c:\users\fangz\rgbproj\linuxproject1\visualgdb\debug\_2_\rbg_matrixweatherstation\liveweather\weatherstation\weatherstation\lib\graphics.dep
c:\users\fangz\rgbproj\linuxproject1\visualgdb\debug\_2_\rbg_matrixweatherstation\liveweather\weatherstation\weatherstation\lib\hardware-mapping.dep
c:\users\fangz\rgbproj\linuxproject1\visualgdb\debug\_2_\rbg_matrixweatherstation\liveweather\weatherstation\weatherstation\lib\led-matrix-c.dep
c:\users\fangz\rgbproj\linuxproject1\visualgdb\debug\_2_\rbg_matrixweatherstation\liveweather\weatherstation\weatherstation\lib\led-matrix.dep
c:\users\fangz\rgbproj\linuxproject1\visualgdb\debug\_2_\rbg_matrixweatherstation\liveweather\weatherstation\weatherstation\lib\multiplex-mappers.dep
c:\users\fangz\rgbproj\linuxproject1\visualgdb\debug\_2_\rbg_matrixweatherstation\liveweather\weatherstation\weatherstation\lib\options-initialize.dep
c:\users\fangz\rgbproj\linuxproject1\visualgdb\debug\_2_\rbg_matrixweatherstation\liveweather\weatherstation\weatherstation\lib\pixel-mapper.dep
c:\users\fangz\rgbproj\linuxproject1\visualgdb\debug\_2_\rbg_matrixweatherstation\liveweather\weatherstation\weatherstation\lib\thread.dep
c:\users\fangz\rgbproj\linuxproject1\visualgdb\debug\_2_\rbg_matrixweatherstation\liveweather\weatherstation\weatherstation\lib\bdf-font.gcc.rsp
c:\users\fangz\rgbproj\linuxproject1\visualgdb\debug\_2_\rbg_matrixweatherstation\liveweather\weatherstation\weatherstation\lib\content-streamer.gcc.rsp
c:\users\fangz\rgbproj\linuxproject1\visualgdb\debug\_2_\rbg_matrixweatherstation\liveweather\weatherstation\weatherstation\lib\framebuffer.gcc.rsp
c:\users\fangz\rgbproj\linuxproject1\visualgdb\debug\_2_\rbg_matrixweatherstation\liveweather\weatherstation\weatherstation\lib\gpio.gcc.rsp
c:\users\fangz\rgbproj\linuxproject1\visualgdb\debug\_2_\rbg_matrixweatherstation\liveweather\weatherstation\weatherstation\lib\graphics.gcc.rsp
c:\users\fangz\rgbproj\linuxproject1\visualgdb\debug\_2_\rbg_matrixweatherstation\liveweather\weatherstation\weatherstation\lib\hardware-mapping.gcc.rsp
c:\users\fangz\rgbproj\linuxproject1\visualgdb\debug\_2_\rbg_matrixweatherstation\liveweather\weatherstation\weatherstation\lib\led-matrix-c.gcc.rsp
c:\users\fangz\rgbproj\linuxproject1\visualgdb\debug\_2_\rbg_matrixweatherstation\liveweather\weatherstation\weatherstation\lib\led-matrix.gcc.rsp
c:\users\fangz\rgbproj\linuxproject1\visualgdb\debug\_2_\rbg_matrixweatherstation\liveweather\weatherstation\weatherstation\lib\multiplex-mappers.gcc.rsp
c:\users\fangz\rgbproj\linuxproject1\visualgdb\debug\_2_\rbg_matrixweatherstation\liveweather\weatherstation\weatherstation\lib\options-initialize.gcc.rsp
c:\users\fangz\rgbproj\linuxproject1\visualgdb\debug\_2_\rbg_matrixweatherstation\liveweather\weatherstation\weatherstation\lib\pixel-mapper.gcc.rsp
c:\users\fangz\rgbproj\linuxproject1\visualgdb\debug\_2_\rbg_matrixweatherstation\liveweather\weatherstation\weatherstation\lib\thread.gcc.rsp
